{"synthetic": false,
 "schemaVersion": "2025-09-10",
 "outputs":
 {"o": ["517461a613d26263.olean"],
  "i": "aa14f00b010a392c.ilean",
  "c": "7ceb0033a617c816.c"},
 "log":
 [{"message":
   ".> LEAN_PATH=C:\\Users\\User\\Desktop\\obsidia-engine-proof-core\\proofs\\lean\\.lake\\build\\lib\\lean c:\\Users\\User\\.elan\\toolchains\\leanprover--lean4---v4.28.0\\bin\\lean.exe C:\\Users\\User\\Desktop\\obsidia-engine-proof-core\\proofs\\lean\\Obsidia\\Main.lean -o C:\\Users\\User\\Desktop\\obsidia-engine-proof-core\\proofs\\lean\\.lake\\build\\lib\\lean\\Obsidia\\Main.olean -i C:\\Users\\User\\Desktop\\obsidia-engine-proof-core\\proofs\\lean\\.lake\\build\\lib\\lean\\Obsidia\\Main.ilean -c C:\\Users\\User\\Desktop\\obsidia-engine-proof-core\\proofs\\lean\\.lake\\build\\ir\\Obsidia\\Main.c --setup C:\\Users\\User\\Desktop\\obsidia-engine-proof-core\\proofs\\lean\\.lake\\build\\ir\\Obsidia\\Main.setup.json --json",
   "level": "trace"}],
 "inputs":
 [["Obsidia.Main:deps",
   [["deps",
     [["«obsidia-engine-proof-core»/obsidia:extraDep",
       [["@«obsidia-engine-proof-core»:extraDep", "00000000000006bb"]]],
      ["imports",
       [["Obsidia.CryptoAssumptions transitive imports (legacy)",
         "00000000000006bb"],
        ["Obsidia.CryptoAssumptions:importAllArts", "e87daa814b98c79b"],
        ["Obsidia.Basic transitive imports (legacy)", "00000000000006bb"],
        ["Obsidia.Basic:importAllArts", "96737e867cf9e093"],
        ["Obsidia.Consensus transitive imports (legacy)", "33a82c6858826e9b"],
        ["Obsidia.Consensus:importAllArts", "e0cf36973a7fa687"],
        ["Obsidia.Merkle transitive imports (legacy)", "452004203f9b7a5d"],
        ["Obsidia.Merkle:importAllArts", "87742384cf515800"],
        ["Obsidia.Seal transitive imports (legacy)", "4aa1654df1379be9"],
        ["Obsidia.Seal:importAllArts", "8cd6bb908801e920"],
        ["Obsidia.Sensitivity transitive imports (legacy)", "4aa1654df1379be9"],
        ["Obsidia.Sensitivity:importAllArts", "e0f57ddac8bda524"],
        ["Obsidia.SystemModel transitive imports (legacy)", "8a85ced518f9e89d"],
        ["Obsidia.SystemModel:importAllArts", "0669867aa9d410fe"],
        ["Obsidia.TemporalX108 transitive imports (legacy)",
         "33a82c6858826e9b"],
        ["Obsidia.TemporalX108:importAllArts", "baa254a1eddfd5d2"],
        ["Obsidia.Refinement transitive imports (legacy)", "1fbf04c25131754a"],
        ["Obsidia.Refinement:importAllArts", "e01ef17756495d29"]]]]],
    ["libs",
     [["import dynlibs", "00000000000006bb"],
      ["package external libraries", "00000000000006bb"],
      ["module dynlibs", "00000000000006bb"],
      ["module plugins", "00000000000006bb"]]]]],
  ["Lean 4.28.0, commit 7e01a1bf5c70fc6167d49c345d3bf80596e9a79b",
   "a96bc04a2e5e9630"],
  ["C:\\Users\\User\\Desktop\\obsidia-engine-proof-core\\proofs\\lean\\Obsidia\\Main.lean",
   "8e5ffff6a222b070"],
  ["options", "00000000000006bb"],
  ["Module.leanArgs: #[]", "00000000000006bb"]],
 "depHash": "629c16f4cd52f799"}