{"synthetic": false,
 "schemaVersion": "2025-09-10",
 "outputs":
 {"o": ["ed555e4f510a5f80.olean"],
  "i": "53d56dd0d4784433.ilean",
  "c": "2b0348f02d040363.c"},
 "log":
 [{"message":
   ".> LEAN_PATH=C:\\Users\\User\\Desktop\\obsidia-engine-proof-core\\proofs\\lean\\.lake\\build\\lib\\lean c:\\Users\\User\\.elan\\toolchains\\leanprover--lean4---v4.28.0\\bin\\lean.exe C:\\Users\\User\\Desktop\\obsidia-engine-proof-core\\proofs\\lean\\Obsidia\\Merkle.lean -o C:\\Users\\User\\Desktop\\obsidia-engine-proof-core\\proofs\\lean\\.lake\\build\\lib\\lean\\Obsidia\\Merkle.olean -i C:\\Users\\User\\Desktop\\obsidia-engine-proof-core\\proofs\\lean\\.lake\\build\\lib\\lean\\Obsidia\\Merkle.ilean -c C:\\Users\\User\\Desktop\\obsidia-engine-proof-core\\proofs\\lean\\.lake\\build\\ir\\Obsidia\\Merkle.c --setup C:\\Users\\User\\Desktop\\obsidia-engine-proof-core\\proofs\\lean\\.lake\\build\\ir\\Obsidia\\Merkle.setup.json --json",
   "level": "trace"}],
 "inputs":
 [["Obsidia.Merkle:deps",
   [["deps",
     [["«obsidia-engine-proof-core»/Obsidia:extraDep",
       [["@«obsidia-engine-proof-core»:extraDep", "00000000000006bb"]]],
      ["imports",
       [["Obsidia.CryptoAssumptions transitive imports (legacy)",
         "00000000000006bb"],
        ["Obsidia.CryptoAssumptions:importAllArts", "e87daa814b98c79b"]]]]],
    ["libs",
     [["import dynlibs", "00000000000006bb"],
      ["package external libraries", "00000000000006bb"],
      ["module dynlibs", "00000000000006bb"],
      ["module plugins", "00000000000006bb"]]]]],
  ["Lean 4.28.0, commit 7e01a1bf5c70fc6167d49c345d3bf80596e9a79b",
   "a96bc04a2e5e9630"],
  ["C:\\Users\\User\\Desktop\\obsidia-engine-proof-core\\proofs\\lean\\Obsidia\\Merkle.lean",
   "9219ea063f4c686e"],
  ["options", "00000000000006bb"],
  ["Module.leanArgs: #[]", "00000000000006bb"]],
 "depHash": "790cb66162a8103b"}